{"total": {"lines":{"total":281,"covered":269,"skipped":0,"pct":95.72},"statements":{"total":296,"covered":283,"skipped":0,"pct":95.6},"functions":{"total":50,"covered":45,"skipped":0,"pct":90},"branches":{"total":120,"covered":106,"skipped":0,"pct":88.33},"branchesTrue":{"total":0,"covered":0,"skipped":0,"pct":100}}
,"/Users/oliverchan/reach-app/gcf/src/config/index.ts": {"lines":{"total":1,"covered":1,"skipped":0,"pct":100},"functions":{"total":0,"covered":0,"skipped":0,"pct":100},"statements":{"total":1,"covered":1,"skipped":0,"pct":100},"branches":{"total":0,"covered":0,"skipped":0,"pct":100}}
,"/Users/oliverchan/reach-app/gcf/src/errors/index.ts": {"lines":{"total":22,"covered":22,"skipped":0,"pct":100},"functions":{"total":4,"covered":4,"skipped":0,"pct":100},"statements":{"total":22,"covered":22,"skipped":0,"pct":100},"branches":{"total":2,"covered":2,"skipped":0,"pct":100}}
,"/Users/oliverchan/reach-app/gcf/src/logger/index.ts": {"lines":{"total":46,"covered":42,"skipped":0,"pct":91.3},"functions":{"total":7,"covered":5,"skipped":0,"pct":71.42},"statements":{"total":47,"covered":43,"skipped":0,"pct":91.48},"branches":{"total":26,"covered":21,"skipped":0,"pct":80.76}}
,"/Users/oliverchan/reach-app/gcf/src/request/makeRequestClient/index.ts": {"lines":{"total":55,"covered":51,"skipped":0,"pct":92.72},"functions":{"total":6,"covered":5,"skipped":0,"pct":83.33},"statements":{"total":57,"covered":53,"skipped":0,"pct":92.98},"branches":{"total":27,"covered":26,"skipped":0,"pct":96.29}}
,"/Users/oliverchan/reach-app/gcf/src/request/makeRequestClient/request.errors.ts": {"lines":{"total":17,"covered":17,"skipped":0,"pct":100},"functions":{"total":4,"covered":4,"skipped":0,"pct":100},"statements":{"total":17,"covered":17,"skipped":0,"pct":100},"branches":{"total":0,"covered":0,"skipped":0,"pct":100}}
,"/Users/oliverchan/reach-app/gcf/src/request/makeRequestClient/request.helper.ts": {"lines":{"total":29,"covered":29,"skipped":0,"pct":100},"functions":{"total":6,"covered":6,"skipped":0,"pct":100},"statements":{"total":33,"covered":32,"skipped":0,"pct":96.96},"branches":{"total":10,"covered":9,"skipped":0,"pct":90}}
,"/Users/oliverchan/reach-app/gcf/src/testUtils/describe.ts": {"lines":{"total":7,"covered":5,"skipped":0,"pct":71.42},"functions":{"total":3,"covered":1,"skipped":0,"pct":33.33},"statements":{"total":10,"covered":8,"skipped":0,"pct":80},"branches":{"total":0,"covered":0,"skipped":0,"pct":100}}
,"/Users/oliverchan/reach-app/gcf/src/testUtils/format.ts": {"lines":{"total":4,"covered":4,"skipped":0,"pct":100},"functions":{"total":2,"covered":2,"skipped":0,"pct":100},"statements":{"total":6,"covered":6,"skipped":0,"pct":100},"branches":{"total":2,"covered":2,"skipped":0,"pct":100}}
,"/Users/oliverchan/reach-app/gcf/src/testUtils/hooks.ts": {"lines":{"total":15,"covered":15,"skipped":0,"pct":100},"functions":{"total":2,"covered":2,"skipped":0,"pct":100},"statements":{"total":15,"covered":15,"skipped":0,"pct":100},"branches":{"total":0,"covered":0,"skipped":0,"pct":100}}
,"/Users/oliverchan/reach-app/gcf/src/testUtils/mockRetry.ts": {"lines":{"total":14,"covered":14,"skipped":0,"pct":100},"functions":{"total":3,"covered":3,"skipped":0,"pct":100},"statements":{"total":15,"covered":15,"skipped":0,"pct":100},"branches":{"total":12,"covered":10,"skipped":0,"pct":83.33}}
,"/Users/oliverchan/reach-app/gcf/src/utils/assertApiKey.ts": {"lines":{"total":23,"covered":21,"skipped":0,"pct":91.3},"functions":{"total":1,"covered":1,"skipped":0,"pct":100},"statements":{"total":23,"covered":21,"skipped":0,"pct":91.3},"branches":{"total":12,"covered":11,"skipped":0,"pct":91.66}}
,"/Users/oliverchan/reach-app/gcf/src/utils/cacheWithExpiry.ts": {"lines":{"total":20,"covered":20,"skipped":0,"pct":100},"functions":{"total":3,"covered":3,"skipped":0,"pct":100},"statements":{"total":20,"covered":20,"skipped":0,"pct":100},"branches":{"total":15,"covered":14,"skipped":0,"pct":93.33}}
,"/Users/oliverchan/reach-app/gcf/src/utils/getSecret.ts": {"lines":{"total":16,"covered":16,"skipped":0,"pct":100},"functions":{"total":2,"covered":2,"skipped":0,"pct":100},"statements":{"total":18,"covered":18,"skipped":0,"pct":100},"branches":{"total":14,"covered":11,"skipped":0,"pct":78.57}}
,"/Users/oliverchan/reach-app/gcf/src/utils/limitPromiseRuntime.ts": {"lines":{"total":10,"covered":10,"skipped":0,"pct":100},"functions":{"total":7,"covered":7,"skipped":0,"pct":100},"statements":{"total":10,"covered":10,"skipped":0,"pct":100},"branches":{"total":0,"covered":0,"skipped":0,"pct":100}}
,"/Users/oliverchan/reach-app/gcf/src/utils/retry.ts": {"lines":{"total":2,"covered":2,"skipped":0,"pct":100},"functions":{"total":0,"covered":0,"skipped":0,"pct":100},"statements":{"total":2,"covered":2,"skipped":0,"pct":100},"branches":{"total":0,"covered":0,"skipped":0,"pct":100}}
}
